<?xml version="1.0" encoding="UTF-8"?>
<!-- Generated by org.testng.reporters.JUnitReportReporter -->
<testsuite hostname="bizmabduholikou" failures="0" tests="4" name="com.sample.runner.AmazonSample1Test" time="65.086" errors="0" timestamp="2021-03-29T21:42:39 CDT" skipped="0">
  <testcase classname="com.sample.runner.AmazonSample1Test" name="runScenario" time="17.069"/>
  <system-out/>
  <testcase classname="com.sample.runner.AmazonSample1Test" name="runScenario" time="15.155"/>
  <system-out/>
  <testcase classname="com.sample.runner.AmazonSample1Test" name="runScenario" time="16.724"/>
  <system-out/>
  <testcase classname="com.sample.runner.AmazonSample1Test" name="runScenario" time="16.138"/>
  <system-out/>
</testsuite> <!-- com.sample.runner.AmazonSample1Test -->
