<?xml version="1.0" encoding="UTF-8"?>
<!-- Generated by org.testng.reporters.JUnitReportReporter -->
<testsuite hostname="bizmabduholikou" failures="0" tests="1" name="com.sample.runner.AmazonSampleTest" time="60.564" errors="0" timestamp="2021-03-30T14:11:40 CDT" skipped="0">
  <testcase classname="com.sample.runner.AmazonSampleTest" name="runScenario" time="60.564"/>
  <system-out/>
</testsuite> <!-- com.sample.runner.AmazonSampleTest -->
